<?xml version="1.0" encoding="utf-8"?><testsuites name="pytest tests"><testsuite name="pytest" errors="0" failures="0" skipped="0" tests="20" time="3.194" timestamp="2026-09-13T16:28:17.937795+00:00" hostname="agent-env-7c985bf7-a1ae-4aef-935d-e8bfe0814eee"><testcase classname="tests.test_frank_party.TestPublic" name="test_content" time="0.307" /><testcase classname="tests.test_frank_party.TestAuth" name="test_login_wrong_password" time="0.573" /><testcase classname="tests.test_frank_party.TestPublic" name="test_questions" time="0.246" /><testcase classname="tests.test_frank_party.TestPublic" name="test_stats" time="0.154" /><testcase classname="tests.test_frank_party.TestPublic" name="test_bot_status" time="0.251" /><testcase classname="tests.test_frank_party.TestAuth" name="test_login_success" time="0.387" /><testcase classname="tests.test_frank_party.TestAuth" name="test_me" time="0.075" /><testcase classname="tests.test_frank_party.TestApplications" name="test_submit_requires_agreement" time="0.120" /><testcase classname="tests.test_frank_party.TestAuth" name="test_me_unauthorized" time="0.135" /><testcase classname="tests.test_frank_party.TestApplications" name="test_submit_requires_username" time="0.144" /><testcase classname="tests.test_frank_party.TestAdminEdits" name="test_update_content" time="0.451" /><testcase classname="tests.test_frank_party.TestApplications" name="test_full_cycle_approve" time="0.766" /><testcase classname="tests.test_frank_party.TestAdminEdits" name="test_update_questions" time="0.224" /><testcase classname="tests.test_frank_party.TestAdminEdits" name="test_settings" time="0.147" /><testcase classname="tests.test_frank_party.TestApplications" name="test_full_cycle_reject" time="0.320" /><testcase classname="tests.test_frank_party.TestAdminEdits" name="test_settings_unauth" time="0.118" /><testcase classname="tests.test_frank_party.TestRanks" name="test_public_ranks" time="0.119" /><testcase classname="tests.test_frank_party.TestRanks" name="test_create_delete_rank" time="0.139" /><testcase classname="tests.test_frank_party.TestMembers" name="test_create_and_delete" time="0.124" /><testcase classname="tests.test_frank_party.TestMembers" name="test_points_recompute_rank" time="0.250" /></testsuite></testsuites>