<?xml version="1.0" encoding="utf-8"?><testsuites name="pytest tests"><testsuite name="pytest" errors="2" failures="0" skipped="0" tests="22" time="3.674" timestamp="2026-09-13T18:32:12.856933+00:00" hostname="agent-env-7c985bf7-a1ae-4aef-935d-e8bfe0814eee"><testcase classname="" name="tests.test_new_features" time="0.000"><error message="collection failure">backend/tests/test_new_features.py:7: in &lt;module&gt;
    BASE_URL = os.environ.get("REACT_APP_BACKEND_URL").rstrip("/")
               ^^^^^^^^^^^^^^^^^^^^^^^^^^^^^^^^^^^^^^^^^^^^^^
E   AttributeError: 'NoneType' object has no attribute 'rstrip'</error><error message="collection failure">backend/tests/test_new_features.py:7: in &lt;module&gt;
    BASE_URL = os.environ.get("REACT_APP_BACKEND_URL").rstrip("/")
               ^^^^^^^^^^^^^^^^^^^^^^^^^^^^^^^^^^^^^^^^^^^^^^
E   AttributeError: 'NoneType' object has no attribute 'rstrip'</error></testcase><testcase classname="tests.test_frank_party.TestAuth" name="test_login_wrong_password" time="0.575" /><testcase classname="tests.test_frank_party.TestPublic" name="test_content" time="0.342" /><testcase classname="tests.test_frank_party.TestPublic" name="test_questions" time="0.237" /><testcase classname="tests.test_frank_party.TestPublic" name="test_stats" time="0.344" /><testcase classname="tests.test_frank_party.TestAuth" name="test_login_success" time="0.342" /><testcase classname="tests.test_frank_party.TestAuth" name="test_me" time="0.063" /><testcase classname="tests.test_frank_party.TestPublic" name="test_bot_status" time="0.159" /><testcase classname="tests.test_frank_party.TestAuth" name="test_me_unauthorized" time="0.164" /><testcase classname="tests.test_frank_party.TestApplications" name="test_submit_requires_agreement" time="0.186" /><testcase classname="tests.test_frank_party.TestAdminEdits" name="test_update_content" time="0.233" /><testcase classname="tests.test_frank_party.TestApplications" name="test_submit_requires_username" time="0.105" /><testcase classname="tests.test_frank_party.TestAdminEdits" name="test_update_questions" time="0.374" /><testcase classname="tests.test_frank_party.TestAdminEdits" name="test_settings" time="0.142" /><testcase classname="tests.test_frank_party.TestApplications" name="test_full_cycle_approve" time="0.880" /><testcase classname="tests.test_frank_party.TestAdminEdits" name="test_settings_unauth" time="0.131" /><testcase classname="tests.test_frank_party.TestRanks" name="test_public_ranks" time="0.160" /><testcase classname="tests.test_frank_party.TestRanks" name="test_create_delete_rank" time="0.132" /><testcase classname="tests.test_frank_party.TestApplications" name="test_full_cycle_reject" time="0.320" /><testcase classname="tests.test_frank_party.TestMembers" name="test_create_and_delete" time="0.172" /><testcase classname="tests.test_frank_party.TestMembers" name="test_points_recompute_rank" time="0.342" /></testsuite></testsuites>